[38;5;86m[HTTP][0m [37m-->[39m [37mPOST[39m [37m/session[39m [90m{"capabilities":{"alwaysMatch":{"appium:platformName":"Android","appium:platformVersion":"11.0","appium:deviceName":"Pixel 5","appium:automationName":"UIAutomator2","appium:app":"/home/bruno/Projetos/webdriver-appium-studies/app/android/ColorNote+Notepad.apk","appium:autoGrantPermissions":true},"firstMatch":[{}]},"desiredCapabilities":{"appium:platformName":"Android","appium:platformVersion":"11.0","appium:deviceName":"Pixel 5","appium:automationName":"UIAutomator2","appium:app":"/home/bruno/Projetos/webdriver-appium-studies/app/android/ColorNote+Notepad.apk","appium:autoGrantPermissions":true}}[39m
[38;5;220m[AppiumDriver@9720][0m Calling AppiumDriver.createSession() with args: [{"appium:platformName":"Android","appium:platformVersion":"11.0","appium:deviceName":"Pixel 5","appium:automationName":"UIAutomator2","appium:app":"/home/bruno/Projetos/webdriver-appium-studies/app/android/ColorNote+Notepad.apk","appium:autoGrantPermissions":true},null,{"alwaysMatch":{"appium:platformName":"Android","appium:platformVersion":"11.0","appium:deviceName":"Pixel 5","appium:automationName":"UIAutomator2","appium:app":"/home/bruno/Projetos/webdriver-appium-studies/app/android/ColorNote+Notepad.apk","appium:autoGrantPermissions":true},"firstMatch":[{}]}]
[38;5;220m[AppiumDriver@9720][0m Event 'newSessionRequested' logged at 1723472548640 (11:22:28 GMT-0300 (Horário Padrão de Brasília))
[38;5;123m[BaseDriver][0m The capabilities ["platformName"] are standard capabilities and do not require "appium:" prefix
[38;5;112m[Appium][0m Attempting to find matching driver for automationName 'UIAutomator2' and platformName 'Android'
[38;5;112m[Appium][0m The 'uiautomator2' driver was installed and matched caps.
[38;5;112m[Appium][0m Will require it at /home/bruno/Projetos/webdriver-appium-studies/node_modules/appium-uiautomator2-driver
[38;5;112m[Appium][0m Requiring driver at /home/bruno/Projetos/webdriver-appium-studies/node_modules/appium-uiautomator2-driver/build/index.js
[38;5;220m[AppiumDriver@9720][0m Appium v2.11.2 creating new AndroidUiautomator2Driver (v3.7.5) session
[38;5;220m[AppiumDriver@9720][0m Checking BaseDriver versions for Appium and AndroidUiautomator2Driver
[38;5;220m[AppiumDriver@9720][0m Appium's BaseDriver version is 9.11.2
[38;5;220m[AppiumDriver@9720][0m AndroidUiautomator2Driver's BaseDriver version is 9.11.2
[38;5;220m[AppiumDriver@9720][0m Applying relaxed security to 'AndroidUiautomator2Driver' as per server command line argument. All insecure features will be enabled unless explicitly disabled by --deny-insecure
[38;5;-74m[AndroidUiautomator2Driver@406e][0m undefined
[38;5;-74m[AndroidUiautomator2Driver@406e][0m Creating session with W3C capabilities: {
  "alwaysMatch": {
    "platformName": "Android",
    "appium:platformVersion": "11.0",
    "appium:deviceName": "Pixel 5",
    "appium:automationName": "UIAutomator2",
    "appium:app": "/home/bruno/Projetos/webdriver-appium-studies/app/android/ColorNote+Notepad.apk",
    "appium:autoGrantPermissions": true
  },
  "firstMatch": [
    {}
  ]
}
[38;5;92m[50aa636f][0m[38;5;-74m[AndroidUiautomator2Driver@406e][0m Session created with session id: 50aa636f-b02b-4401-a85f-811f215e8460
[38;5;92m[50aa636f][0m[38;5;229m[ADB][0m Found 1 'build-tools' folders under '/home/bruno/Android/Sdk' (newest first):
[38;5;92m[50aa636f][0m[38;5;229m[ADB][0m     /home/bruno/Android/Sdk/build-tools/35.0.0
[38;5;92m[50aa636f][0m[38;5;229m[ADB][0m Using 'adb' from '/home/bruno/Android/Sdk/platform-tools/adb'
[38;5;92m[50aa636f][0m[38;5;229m[ADB][0m Running '/home/bruno/Android/Sdk/platform-tools/adb -P 5037 start-server'
[38;5;92m[50aa636f][0m[38;5;-74m[AndroidUiautomator2Driver@406e][0m Retrieving device list
[38;5;92m[50aa636f][0m[38;5;229m[ADB][0m Trying to find connected Android devices
[38;5;92m[50aa636f][0m[38;5;229m[ADB][0m Getting connected devices
[38;5;92m[50aa636f][0m[38;5;229m[ADB][0m Connected devices: [{"udid":"emulator-5554","state":"device"}]
[38;5;92m[50aa636f][0m[38;5;-74m[AndroidUiautomator2Driver@406e][0m Looking for a device with Android '11.0.0'
[38;5;92m[50aa636f][0m[38;5;229m[ADB][0m Setting device id to emulator-5554
[38;5;92m[50aa636f][0m[38;5;229m[ADB][0m Getting device platform version
[38;5;92m[50aa636f][0m[38;5;229m[ADB][0m Running '/home/bruno/Android/Sdk/platform-tools/adb -P 5037 -s emulator-5554 shell getprop ro.build.version.release'
[38;5;92m[50aa636f][0m[38;5;229m[ADB][0m Current device property 'ro.build.version.release': 11
[38;5;92m[50aa636f][0m[38;5;-74m[AndroidUiautomator2Driver@406e][0m Using device: emulator-5554
[38;5;92m[50aa636f][0m[38;5;229m[ADB][0m Using 'adb' from '/home/bruno/Android/Sdk/platform-tools/adb'
[38;5;92m[50aa636f][0m[38;5;229m[ADB][0m Running '/home/bruno/Android/Sdk/platform-tools/adb -P 5037 start-server'
[38;5;92m[50aa636f][0m[38;5;229m[ADB][0m Setting device id to emulator-5554
[38;5;92m[50aa636f][0m[38;5;123m[BaseDriver][0m Using local app '/home/bruno/Projetos/webdriver-appium-studies/app/android/ColorNote+Notepad.apk'
[38;5;92m[50aa636f][0m[38;5;-74m[AndroidUiautomator2Driver@406e][0m Checking whether app is actually present
[38;5;92m[50aa636f][0m[38;5;229m[ADB][0m Running '/home/bruno/Android/Sdk/platform-tools/adb -P 5037 -s emulator-5554 shell getprop ro.build.version.sdk'
[38;5;92m[50aa636f][0m[38;5;229m[ADB][0m Current device property 'ro.build.version.sdk': 30
[38;5;92m[50aa636f][0m[38;5;229m[ADB][0m Getting device platform version
[38;5;92m[50aa636f][0m[38;5;229m[ADB][0m Running '/home/bruno/Android/Sdk/platform-tools/adb -P 5037 -s emulator-5554 shell getprop ro.build.version.release'
[38;5;92m[50aa636f][0m[38;5;229m[ADB][0m Current device property 'ro.build.version.release': 11
[38;5;92m[50aa636f][0m[38;5;229m[ADB][0m Device API level: 30
[38;5;92m[50aa636f][0m[38;5;-74m[AndroidUiautomator2Driver@406e][0m Relaxing hidden api policy
[38;5;92m[50aa636f][0m[38;5;229m[ADB][0m Running '/home/bruno/Android/Sdk/platform-tools/adb -P 5037 -s emulator-5554 shell 'settings put global hidden_api_policy_pre_p_apps 1;settings put global hidden_api_policy_p_apps 1;settings put global hidden_api_policy 1''
[38;5;92m[50aa636f][0m[38;5;-74m[AndroidUiautomator2Driver@406e][0m Parsing package and activity from app manifest
[38;5;92m[50aa636f][0m[38;5;229m[ADB][0m Running '/home/bruno/Android/Sdk/platform-tools/adb -P 5037 -s emulator-5554 wait-for-device'
[38;5;92m[50aa636f][0m[38;5;229m[ADB][0m Running '/home/bruno/Android/Sdk/platform-tools/adb -P 5037 -s emulator-5554 shell echo ping'
[38;5;92m[50aa636f][0m[38;5;229m[ADB][0m Using 'aapt2' from '/home/bruno/Android/Sdk/build-tools/35.0.0/aapt2'
[38;5;92m[50aa636f][0m[38;5;229m[ADB][0m Reading package manifest: '/home/bruno/Android/Sdk/build-tools/35.0.0/aapt2 dump badging /home/bruno/Projetos/webdriver-appium-studies/app/android/ColorNote+Notepad.apk'
[38;5;92m[50aa636f][0m[38;5;-74m[AndroidUiautomator2Driver@406e][0m Pushing settings apk to the device...
[38;5;92m[50aa636f][0m[38;5;229m[ADB][0m Getting package info for 'io.appium.settings'
[38;5;92m[50aa636f][0m[38;5;229m[ADB][0m Running '/home/bruno/Android/Sdk/platform-tools/adb -P 5037 -s emulator-5554 shell dumpsys package io.appium.settings'
[38;5;92m[50aa636f][0m[38;5;229m[ADB][0m Package name: 'com.socialnmobile.dictapps.notepad.color.note'
[38;5;92m[50aa636f][0m[38;5;229m[ADB][0m Main activity name: 'com.socialnmobile.colornote.activity.Main'
[38;5;92m[50aa636f][0m[38;5;-74m[AndroidUiautomator2Driver@406e][0m Parsed package and activity are: com.socialnmobile.dictapps.notepad.color.note/com.socialnmobile.colornote.activity.Main
[38;5;92m[50aa636f][0m[38;5;229m[ADB][0m Reading package manifest: '/home/bruno/Android/Sdk/build-tools/35.0.0/aapt2 dump badging /home/bruno/Projetos/webdriver-appium-studies/node_modules/appium-uiautomator2-driver/node_modules/io.appium.settings/apks/settings_apk-debug.apk'
[38;5;92m[50aa636f][0m[38;5;229m[ADB][0m The version name of the installed 'io.appium.settings' is greater or equal to the application version name ('5.12.8' >= '5.12.8')
[38;5;92m[50aa636f][0m[38;5;229m[ADB][0m There is no need to install/upgrade '/home/bruno/Projetos/webdriver-appium-studies/node_modules/appium-uiautomator2-driver/node_modules/io.appium.settings/apks/settings_apk-debug.apk'
[38;5;92m[50aa636f][0m[38;5;229m[ADB][0m Running '/home/bruno/Android/Sdk/platform-tools/adb -P 5037 -s emulator-5554 shell dumpsys activity services io.appium.settings'
[38;5;92m[50aa636f][0m[38;5;229m[ADB][0m Running '/home/bruno/Android/Sdk/platform-tools/adb -P 5037 -s emulator-5554 shell cmd notification allow_listener io.appium.settings/.NLService'
[38;5;92m[50aa636f][0m[38;5;229m[ADB][0m Running '/home/bruno/Android/Sdk/platform-tools/adb -P 5037 -s emulator-5554 shell appops set io.appium.settings PROJECT_MEDIA allow'
[38;5;92m[50aa636f][0m[38;5;229m[ADB][0m Running '/home/bruno/Android/Sdk/platform-tools/adb -P 5037 -s emulator-5554 shell dumpsys activity services io.appium.settings'
[38;5;92m[50aa636f][0m[38;5;78m[SettingsApp][0m Starting Appium Settings app
[38;5;92m[50aa636f][0m[38;5;229m[ADB][0m Running '/home/bruno/Android/Sdk/platform-tools/adb -P 5037 -s emulator-5554 shell am start -n io.appium.settings/.Settings -a android.intent.action.MAIN -c android.intent.category.LAUNCHER'
[38;5;92m[50aa636f][0m[38;5;229m[ADB][0m Running '/home/bruno/Android/Sdk/platform-tools/adb -P 5037 -s emulator-5554 shell dumpsys activity services io.appium.settings'
[38;5;92m[50aa636f][0m[38;5;229m[ADB][0m Running '/home/bruno/Android/Sdk/platform-tools/adb -P 5037 -s emulator-5554 shell dumpsys activity services io.appium.settings'
[38;5;92m[50aa636f][0m[38;5;160m[Logcat][0m Starting logs capture with command: /home/bruno/Android/Sdk/platform-tools/adb -P 5037 -s emulator-5554 logcat -v threadtime
[38;5;92m[50aa636f][0m[38;5;-74m[AndroidUiautomator2Driver@406e][0m Forwarding UiAutomator2 Server port 6790 to local port 8200
[38;5;92m[50aa636f][0m[38;5;229m[ADB][0m Forwarding system: 8200 to device: 6790
[38;5;92m[50aa636f][0m[38;5;229m[ADB][0m Running '/home/bruno/Android/Sdk/platform-tools/adb -P 5037 -s emulator-5554 forward tcp:8200 tcp:6790'
[38;5;92m[50aa636f][0m[38;5;229m[ADB][0m Getting package info for 'io.appium.uiautomator2.server'
[38;5;92m[50aa636f][0m[38;5;229m[ADB][0m Running '/home/bruno/Android/Sdk/platform-tools/adb -P 5037 -s emulator-5554 shell dumpsys package io.appium.uiautomator2.server'
[38;5;92m[50aa636f][0m[38;5;229m[ADB][0m Getting install status for io.appium.uiautomator2.server.test
[38;5;92m[50aa636f][0m[38;5;229m[ADB][0m Checking app cert for /home/bruno/Projetos/webdriver-appium-studies/app/android/ColorNote+Notepad.apk
[38;5;92m[50aa636f][0m[38;5;229m[ADB][0m Running '/home/bruno/Android/Sdk/platform-tools/adb -P 5037 -s emulator-5554 shell cmd package list packages'
[38;5;92m[50aa636f][0m[38;5;229m[ADB][0m Using 'apksigner.jar' from '/home/bruno/Android/Sdk/build-tools/35.0.0/lib/apksigner.jar'
[38;5;92m[50aa636f][0m[38;5;229m[ADB][0m Starting apksigner: /usr/lib/jvm/java-21-openjdk-amd64/bin/java -Xmx1024M -Xss1m -jar /home/bruno/Android/Sdk/build-tools/35.0.0/lib/apksigner.jar verify --print-certs /home/bruno/Projetos/webdriver-appium-studies/app/android/ColorNote+Notepad.apk
[38;5;92m[50aa636f][0m[38;5;229m[ADB][0m Reading package manifest: '/home/bruno/Android/Sdk/build-tools/35.0.0/aapt2 dump badging /home/bruno/Projetos/webdriver-appium-studies/node_modules/appium-uiautomator2-driver/node_modules/appium-uiautomator2-server/apks/appium-uiautomator2-server-v7.0.21.apk'
[38;5;92m[50aa636f][0m[38;5;229m[ADB][0m 'io.appium.uiautomator2.server.test' is installed
[38;5;92m[50aa636f][0m[38;5;229m[ADB][0m The version name of the installed 'io.appium.uiautomator2.server' is greater or equal to the application version name ('7.0.21' >= '7.0.21')
[38;5;92m[50aa636f][0m[38;5;-74m[AndroidUiautomator2Driver@406e][0m Server packages status: [{"installState":"sameVersionInstalled","appPath":"/home/bruno/Projetos/webdriver-appium-studies/node_modules/appium-uiautomator2-driver/node_modules/appium-uiautomator2-server/apks/appium-uiautomator2-server-v7.0.21.apk","appId":"io.appium.uiautomator2.server"},{"installState":"sameVersionInstalled","appPath":"/home/bruno/Projetos/webdriver-appium-studies/node_modules/appium-uiautomator2-driver/node_modules/appium-uiautomator2-server/apks/appium-uiautomator2-server-debug-androidTest.apk","appId":"io.appium.uiautomator2.server.test"}]
[38;5;92m[50aa636f][0m[38;5;-74m[AndroidUiautomator2Driver@406e][0m Server packages are not going to be (re)installed
[38;5;92m[50aa636f][0m[38;5;-74m[AndroidUiautomator2Driver@406e][0m Waiting up to 30000ms for services to be available
[38;5;92m[50aa636f][0m[38;5;229m[ADB][0m Running '/home/bruno/Android/Sdk/platform-tools/adb -P 5037 -s emulator-5554 shell pm list instrumentation'
[38;5;92m[50aa636f][0m[38;5;-74m[AndroidUiautomator2Driver@406e][0m Instrumentation target 'io.appium.uiautomator2.server.test/androidx.test.runner.AndroidJUnitRunner' is available
[38;5;92m[50aa636f][0m[38;5;229m[ADB][0m Adding packages ["io.appium.settings","io.appium.uiautomator2.server","io.appium.uiautomator2.server.test"] to Doze whitelist
[38;5;92m[50aa636f][0m[38;5;229m[ADB][0m Got the following command chunks to execute: [["dumpsys","deviceidle","whitelist","+io.appium.settings",";","dumpsys","deviceidle","whitelist","+io.appium.uiautomator2.server",";","dumpsys","deviceidle","whitelist","+io.appium.uiautomator2.server.test",";"]]
[38;5;92m[50aa636f][0m[38;5;229m[ADB][0m Running '/home/bruno/Android/Sdk/platform-tools/adb -P 5037 -s emulator-5554 shell dumpsys deviceidle whitelist +io.appium.settings ; dumpsys deviceidle whitelist +io.appium.uiautomator2.server ; dumpsys deviceidle whitelist +io.appium.uiautomator2.server.test ;'
[38;5;92m[50aa636f][0m[38;5;229m[ADB][0m apksigner stdout: Signer #1 certificate DN: CN=socialnmobile, OU=android, O=socialnmobile, L=Unknown, ST=Unknown, C=Unknown
Signer #1 certificate SHA-256 digest: 4e92275e4f7853f3df65171071f0b6841b063520ee93d9bb2db647baec695b98
Signer #1 certificate SHA-1 digest: f4d8a67bf40879df79cbf1dc8b2999df74ebbf76
Signer #1 certificate MD5 digest: 8190fa0dfb1457782dbbe689beef98b7

[38;5;92m[50aa636f][0m[38;5;229m[ADB][0m '/home/bruno/Projetos/webdriver-appium-studies/app/android/ColorNote+Notepad.apk' is signed with a non-default certificate
[38;5;92m[50aa636f][0m[38;5;229m[ADB][0m Getting package info for 'com.socialnmobile.dictapps.notepad.color.note'
[38;5;92m[50aa636f][0m[38;5;229m[ADB][0m Running '/home/bruno/Android/Sdk/platform-tools/adb -P 5037 -s emulator-5554 shell dumpsys package com.socialnmobile.dictapps.notepad.color.note'
[38;5;92m[50aa636f][0m[38;5;229m[ADB][0m Reading package manifest: '/home/bruno/Android/Sdk/build-tools/35.0.0/aapt2 dump badging /home/bruno/Projetos/webdriver-appium-studies/app/android/ColorNote+Notepad.apk'
[38;5;92m[50aa636f][0m[38;5;229m[ADB][0m The version name of the installed 'com.socialnmobile.dictapps.notepad.color.note' is greater or equal to the application version name ('4.2.4' >= '4.2.4')
[38;5;92m[50aa636f][0m[38;5;229m[ADB][0m There is no need to install/upgrade '/home/bruno/Projetos/webdriver-appium-studies/app/android/ColorNote+Notepad.apk'
[38;5;92m[50aa636f][0m[38;5;-74m[AndroidUiautomator2Driver@406e][0m Performing fast reset on 'com.socialnmobile.dictapps.notepad.color.note'
[38;5;92m[50aa636f][0m[38;5;229m[ADB][0m Getting install status for com.socialnmobile.dictapps.notepad.color.note
[38;5;92m[50aa636f][0m[38;5;229m[ADB][0m Running '/home/bruno/Android/Sdk/platform-tools/adb -P 5037 -s emulator-5554 shell cmd package list packages'
[38;5;92m[50aa636f][0m[38;5;229m[ADB][0m 'com.socialnmobile.dictapps.notepad.color.note' is installed
[38;5;92m[50aa636f][0m[38;5;229m[ADB][0m Running '/home/bruno/Android/Sdk/platform-tools/adb -P 5037 -s emulator-5554 shell am force-stop com.socialnmobile.dictapps.notepad.color.note'
[38;5;92m[50aa636f][0m[38;5;229m[ADB][0m Running '/home/bruno/Android/Sdk/platform-tools/adb -P 5037 -s emulator-5554 shell pm clear com.socialnmobile.dictapps.notepad.color.note'
[38;5;92m[50aa636f][0m[38;5;229m[ADB][0m Running '/home/bruno/Android/Sdk/platform-tools/adb -P 5037 -s emulator-5554 shell dumpsys package com.socialnmobile.dictapps.notepad.color.note'
[38;5;92m[50aa636f][0m[38;5;229m[ADB][0m Retrieving requested permissions
[38;5;92m[50aa636f][0m[38;5;229m[ADB][0m Retrieved 9 permissions from requested group
[38;5;92m[50aa636f][0m[38;5;229m[ADB][0m Retrieving granted permissions
[38;5;92m[50aa636f][0m[38;5;229m[ADB][0m Retrieved 7 permissions from install,runtime groups
[38;5;92m[50aa636f][0m[38;5;229m[ADB][0m Granting permissions ["android.permission.WRITE_EXTERNAL_STORAGE","android.permission.READ_EXTERNAL_STORAGE"] to 'com.socialnmobile.dictapps.notepad.color.note'
[38;5;92m[50aa636f][0m[38;5;229m[ADB][0m Got the following command chunks to execute: [["pm","grant","com.socialnmobile.dictapps.notepad.color.note","android.permission.WRITE_EXTERNAL_STORAGE",";","pm","grant","com.socialnmobile.dictapps.notepad.color.note","android.permission.READ_EXTERNAL_STORAGE",";"]]
[38;5;92m[50aa636f][0m[38;5;229m[ADB][0m Running '/home/bruno/Android/Sdk/platform-tools/adb -P 5037 -s emulator-5554 shell pm grant com.socialnmobile.dictapps.notepad.color.note android.permission.WRITE_EXTERNAL_STORAGE ; pm grant com.socialnmobile.dictapps.notepad.color.note android.permission.READ_EXTERNAL_STORAGE ;'
[38;5;92m[50aa636f][0m[38;5;-74m[AndroidUiautomator2Driver@406e][0m Performed fast reset on the installed 'com.socialnmobile.dictapps.notepad.color.note' application (stop and clear)
[38;5;92m[50aa636f][0m[38;5;-74m[AndroidUiautomator2Driver@406e][0m Performing shallow cleanup of automation leftovers
[38;5;92m[50aa636f][0m[38;5;-74m[AndroidUiautomator2Driver@406e][0m No obsolete sessions have been detected (socket hang up)
[38;5;92m[50aa636f][0m[38;5;229m[ADB][0m Running '/home/bruno/Android/Sdk/platform-tools/adb -P 5037 -s emulator-5554 shell am force-stop io.appium.uiautomator2.server'
[38;5;92m[50aa636f][0m[38;5;229m[ADB][0m Running '/home/bruno/Android/Sdk/platform-tools/adb -P 5037 -s emulator-5554 shell am force-stop io.appium.uiautomator2.server.test'
[38;5;92m[50aa636f][0m[38;5;-74m[AndroidUiautomator2Driver@406e][0m Starting UIAutomator2 server 7.0.21
[38;5;92m[50aa636f][0m[38;5;-74m[AndroidUiautomator2Driver@406e][0m Using UIAutomator2 server from '/home/bruno/Projetos/webdriver-appium-studies/node_modules/appium-uiautomator2-driver/node_modules/appium-uiautomator2-server/apks/appium-uiautomator2-server-v7.0.21.apk' and test from '/home/bruno/Projetos/webdriver-appium-studies/node_modules/appium-uiautomator2-driver/node_modules/appium-uiautomator2-server/apks/appium-uiautomator2-server-debug-androidTest.apk'
[38;5;92m[50aa636f][0m[38;5;-74m[AndroidUiautomator2Driver@406e][0m Waiting up to 30000ms for UiAutomator2 to be online...
[38;5;92m[50aa636f][0m[38;5;229m[ADB][0m Creating ADB subprocess with args: ["-P","5037","-s","emulator-5554","shell","am","instrument","-w","-e","disableAnalytics","true","io.appium.uiautomator2.server.test/androidx.test.runner.AndroidJUnitRunner"]
[38;5;92m[50aa636f][0m[38;5;-74m[AndroidUiautomator2Driver@406e][0m Matched '/status' to command name 'getStatus'
[38;5;92m[50aa636f][0m[38;5;-74m[AndroidUiautomator2Driver@406e][0m Proxying [GET /status] to [GET http://127.0.0.1:8200/status] with no body
[38;5;92m[50aa636f][0m[38;5;-74m[AndroidUiautomator2Driver@406e][0m socket hang up
[38;5;92m[50aa636f][0m[38;5;-74m[AndroidUiautomator2Driver@406e][0m [Instrumentation] 
[38;5;92m[50aa636f][0m[38;5;-74m[AndroidUiautomator2Driver@406e][0m Matched '/status' to command name 'getStatus'
[38;5;92m[50aa636f][0m[38;5;-74m[AndroidUiautomator2Driver@406e][0m Proxying [GET /status] to [GET http://127.0.0.1:8200/status] with no body
[38;5;92m[50aa636f][0m[38;5;-74m[AndroidUiautomator2Driver@406e][0m socket hang up
[38;5;92m[50aa636f][0m[38;5;-74m[AndroidUiautomator2Driver@406e][0m Matched '/status' to command name 'getStatus'
[38;5;92m[50aa636f][0m[38;5;-74m[AndroidUiautomator2Driver@406e][0m Proxying [GET /status] to [GET http://127.0.0.1:8200/status] with no body
[38;5;92m[50aa636f][0m[38;5;-74m[AndroidUiautomator2Driver@406e][0m Got response with status 200: {"sessionId":"None","value":{"message":"UiAutomator2 Server is ready to accept commands","ready":true}}
[38;5;92m[50aa636f][0m[38;5;-74m[AndroidUiautomator2Driver@406e][0m The initialization of the instrumentation process took 2086ms
[38;5;92m[50aa636f][0m[38;5;-74m[AndroidUiautomator2Driver@406e][0m Matched '/session' to command name 'createSession'
[38;5;92m[50aa636f][0m[38;5;-74m[AndroidUiautomator2Driver@406e][0m Proxying [POST /session] to [POST http://127.0.0.1:8200/session] with body: {"capabilities":{"firstMatch":[{"platformName":"Android","platformVersion":"11.0","deviceName":"emulator-5554","automationName":"UIAutomator2","app":"/home/bruno/Projetos/webdriver-appium-studies/app/android/ColorNote+Notepad.apk","autoGrantPermissions":true,"platform":"LINUX","webStorageEnabled":false,"takesScreenshot":true,"javascriptEnabled":true,"databaseEnabled":false,"networkConnectionEnabled":true,"locationContextEnabled":false,"warnings":{},"desired":{"platformName":"Android","platformVersion":"11.0","deviceName":"Pixel 5","automationName":"UIAutomator2","app":"/home/bruno/Projetos/webdriver-appium-studies/app/android/ColorNote+Notepad.apk","autoGrantPermissions":true},"deviceUDID":"emulator-5554","appPackage":"com.socialnmobile.dictapps.notepad.color.note"}],"alwaysMatch":{}}}
[38;5;92m[50aa636f][0m[38;5;-74m[AndroidUiautomator2Driver@406e][0m Got response with status 200: {"sessionId":"45bc9a13-7e38-4657-bec8-6ff229165e4d","value":{"capabilities":{"firstMatch":[{"platformName":"Android","platformVersion":"11.0","deviceName":"emulator-5554","automationName":"UIAutomator2","app":"/home/bruno/Projetos/webdriver-appium-studies/app/android/ColorNote+Notepad.apk","autoGrantPermissions":true,"platform":"LINUX","webStorageEnabled":false,"takesScreenshot":true,"javascriptEnabled":true,"databaseEnabled":false,"networkConnectionEnabled":true,"locationContextEnabled":false,"warnings":{},"desired":{"platformName":"Android","platformVersion":"11.0","deviceName":"Pixel 5","automationName":"UIAutomator2","app":"/home/bruno/Projetos/webdriver-appium-studies/app/android/ColorNote+Notepad.apk","autoGrantPermissions":true},"deviceUDID":"emulator-5554","appPackage":"com.socialnmobile.dictapps.notepad.color.note"}],"alwaysMatch":{}},"sessionId":"45bc9a13-7e38-4657-bec8-6ff229165e4d"}}
[38;5;92m[50aa636f][0m[38;5;-74m[AndroidUiautomator2Driver@406e][0m Determined the downstream protocol as 'W3C'
[38;5;92m[50aa636f][0m[38;5;-74m[AndroidUiautomator2Driver@406e][0m Proxying [GET /appium/device/pixel_ratio] to [GET http://127.0.0.1:8200/session/45bc9a13-7e38-4657-bec8-6ff229165e4d/appium/device/pixel_ratio] with no body
[38;5;92m[50aa636f][0m[38;5;-74m[AndroidUiautomator2Driver@406e][0m Matched '/appium/device/system_bars' to command name 'getSystemBars'
[38;5;92m[50aa636f][0m[38;5;-74m[AndroidUiautomator2Driver@406e][0m Proxying [GET /appium/device/system_bars] to [GET http://127.0.0.1:8200/session/45bc9a13-7e38-4657-bec8-6ff229165e4d/appium/device/system_bars] with no body
[38;5;92m[50aa636f][0m[38;5;-74m[AndroidUiautomator2Driver@406e][0m Matched '/window/current/size' to command name 'getWindowSize'
[38;5;92m[50aa636f][0m[38;5;-74m[AndroidUiautomator2Driver@406e][0m Proxying [GET /window/current/size] to [GET http://127.0.0.1:8200/session/45bc9a13-7e38-4657-bec8-6ff229165e4d/window/current/size] with no body
[38;5;92m[50aa636f][0m[38;5;-74m[AndroidUiautomator2Driver@406e][0m Proxying [GET /appium/device/info] to [GET http://127.0.0.1:8200/session/45bc9a13-7e38-4657-bec8-6ff229165e4d/appium/device/info] with no body
[38;5;92m[50aa636f][0m[38;5;229m[ADB][0m Running '/home/bruno/Android/Sdk/platform-tools/adb -P 5037 -s emulator-5554 shell dumpsys window'
[38;5;92m[50aa636f][0m[38;5;229m[ADB][0m Running '/home/bruno/Android/Sdk/platform-tools/adb -P 5037 -s emulator-5554 shell dumpsys power'
[38;5;92m[50aa636f][0m[38;5;-74m[AndroidUiautomator2Driver@406e][0m Got response with status 200: {"sessionId":"45bc9a13-7e38-4657-bec8-6ff229165e4d","value":2.75}
[38;5;92m[50aa636f][0m[38;5;-74m[AndroidUiautomator2Driver@406e][0m Got response with status 200: {"sessionId":"45bc9a13-7e38-4657-bec8-6ff229165e4d","value":{"height":2340,"width":1080}}
[38;5;92m[50aa636f][0m[38;5;-74m[AndroidUiautomator2Driver@406e][0m Got response with status 200: {"sessionId":"45bc9a13-7e38-4657-bec8-6ff229165e4d","value":{"statusBar":145}}
[38;5;92m[50aa636f][0m[38;5;-74m[AndroidUiautomator2Driver@406e][0m Screen already unlocked, doing nothing
[38;5;92m[50aa636f][0m[38;5;-74m[AndroidUiautomator2Driver@406e][0m Starting 'com.socialnmobile.dictapps.notepad.color.note/com.socialnmobile.colornote.activity.Main and waiting for 'com.socialnmobile.dictapps.notepad.color.note/com.socialnmobile.colornote.activity.Main'
[38;5;92m[50aa636f][0m[38;5;229m[ADB][0m Running '/home/bruno/Android/Sdk/platform-tools/adb -P 5037 -s emulator-5554 shell am start -W -n com.socialnmobile.dictapps.notepad.color.note/com.socialnmobile.colornote.activity.Main -S -a android.intent.action.MAIN -c android.intent.category.LAUNCHER -f 0x10200000'
[38;5;92m[50aa636f][0m[38;5;-74m[AndroidUiautomator2Driver@406e][0m Got response with status 200: {"sessionId":"45bc9a13-7e38-4657-bec8-6ff229165e4d","value":{"androidId":"360929679172156a","apiVersion":"30","bluetooth":{"state":"ON"},"brand":"google","carrierName":"Android","displayDensity":440,"locale":"en_US","manufacturer":"Google","model":"sdk_gphone_x86","networks":[{"capabilities":{"SSID":null,"linkDownBandwidthKbps":30000,"linkUpstreamBandwidthKbps":15000,"networkCapabilities":"NET_CAPABILITY_MMS,NET_CAPABILITY_SUPL,NET_CAPABILITY_DUN,NET_CAPABILITY_FOTA,NET_CAPABILITY_IMS,NET_CAPABILITY_CBS,NET_CAPABILITY_INTERNET,NET_CAPABILITY_NOT_RESTRICTED,NET_CAPABILITY_TRUSTED,NET_CAPABILITY_NOT_VPN,NET_CAPABILITY_VALIDATED,NET_CAPABILITY_NOT_ROAMING,NET_CAPABILITY_NOT_CONGESTED,NET_CAPABILITY_NOT_SUSPENDED","signalStrength":-2147483648,"transportTypes":"TRANSPORT_CELLULAR"},"detailedState":"CONNECTED","extraInfo":"epc.tmobile.com","isAvailable":true,"isConnected":true,"isFailover":false,"isRoaming":false,"state":"CONNECTED","subtype":13,"subtypeName":"LTE","type":0,"typeName":"MOBILE"},{"capabilities":{...
[38;5;92m[50aa636f][0m[38;5;229m[ADB][0m Waiting up to 20000ms for activity matching pkg: 'com.socialnmobile.dictapps.notepad.color.note' and activity: 'com.socialnmobile.colornote.activity.Main' to be focused
[38;5;92m[50aa636f][0m[38;5;229m[ADB][0m Possible activities, to be checked: 'com.socialnmobile.colornote.activity.Main', 'com.socialnmobile.dictapps.notepad.color.note.com.socialnmobile.colornote.activity.Main'
[38;5;92m[50aa636f][0m[38;5;229m[ADB][0m Getting focused package and activity
[38;5;92m[50aa636f][0m[38;5;229m[ADB][0m Running '/home/bruno/Android/Sdk/platform-tools/adb -P 5037 -s emulator-5554 shell dumpsys window displays'
[38;5;92m[50aa636f][0m[38;5;229m[ADB][0m Found package: 'com.socialnmobile.dictapps.notepad.color.note' and fully qualified activity name : 'com.socialnmobile.colornote.activity.Main'
[38;5;92m[50aa636f][0m[38;5;220m[AppiumDriver@9720][0m New AndroidUiautomator2Driver session created successfully, session 50aa636f-b02b-4401-a85f-811f215e8460 added to master session list
[38;5;92m[50aa636f][0m[38;5;220m[AppiumDriver@9720][0m Event 'newSessionStarted' logged at 1723472553615 (11:22:33 GMT-0300 (Horário Padrão de Brasília))
[38;5;92m[50aa636f][0m[38;5;-74m[AndroidUiautomator2Driver@406e][0m Cached the protocol value 'W3C' for the new session 50aa636f-b02b-4401-a85f-811f215e8460
[38;5;92m[50aa636f][0m[38;5;-74m[AndroidUiautomator2Driver@406e][0m Responding to client with driver.createSession() result: {"capabilities":{"platformName":"Android","platformVersion":"11","deviceName":"emulator-5554","automationName":"UIAutomator2","app":"/home/bruno/Projetos/webdriver-appium-studies/app/android/ColorNote+Notepad.apk","autoGrantPermissions":true,"platform":"LINUX","webStorageEnabled":false,"takesScreenshot":true,"javascriptEnabled":true,"databaseEnabled":false,"networkConnectionEnabled":true,"locationContextEnabled":false,"warnings":{},"desired":{"platformName":"Android","platformVersion":"11.0","deviceName":"Pixel 5","automationName":"UIAutomator2","app":"/home/bruno/Projetos/webdriver-appium-studies/app/android/ColorNote+Notepad.apk","autoGrantPermissions":true},"deviceUDID":"emulator-5554","appPackage":"com.socialnmobile.dictapps.notepad.color.note","pixelRatio":"2.75","statBarHeight":145,"viewportRect":{"left":0,"top":145,"width":1080,"height":2195},"deviceApiLevel":30,"deviceManufacturer":"Google","deviceModel":"sdk_gphone_x86","deviceScreenSize":"1080x2340","deviceScreenDensity":440}}
[38;5;92m[50aa636f][0m[38;5;86m[HTTP][0m [37m<-- POST /session [39m[32m200[39m [90m4979 ms - 1062[39m [90m[39m
[38;5;92m[50aa636f][0m[38;5;86m[HTTP][0m [37m-->[39m [37mPOST[39m [37m/session/50aa636f-b02b-4401-a85f-811f215e8460/element[39m [90m{"using":"xpath","value":"//*[@resource-id=\"com.socialnmobile.dictapps.notepad.color.note:id/btn_start_skip\"]"}[39m
[38;5;92m[50aa636f][0m[38;5;-74m[AndroidUiautomator2Driver@406e][0m Calling AppiumDriver.findElement() with args: ["xpath","//*[@resource-id=\"com.socialnmobile.dictapps.notepad.color.note:id/btn_start_skip\"]","50aa636f-b02b-4401-a85f-811f215e8460"]
[38;5;92m[50aa636f][0m[38;5;-74m[AndroidUiautomator2Driver@406e][0m Valid locator strategies for this request: xpath, id, class name, accessibility id, css selector, -android uiautomator
[38;5;92m[50aa636f][0m[38;5;-74m[AndroidUiautomator2Driver@406e][0m Waiting up to 0 ms for condition
[38;5;92m[50aa636f][0m[38;5;-74m[AndroidUiautomator2Driver@406e][0m Matched '/element' to command name 'findElement'
[38;5;92m[50aa636f][0m[38;5;-74m[AndroidUiautomator2Driver@406e][0m Proxying [POST /element] to [POST http://127.0.0.1:8200/session/45bc9a13-7e38-4657-bec8-6ff229165e4d/element] with body: {"strategy":"xpath","selector":"//*[@resource-id=\"com.socialnmobile.dictapps.notepad.color.note:id/btn_start_skip\"]","context":"","multiple":false}
[38;5;92m[50aa636f][0m[38;5;-74m[AndroidUiautomator2Driver@406e][0m Got response with status 200: {"sessionId":"45bc9a13-7e38-4657-bec8-6ff229165e4d","value":{"ELEMENT":"00000000-0000-000c-ffff-ffff0000008f","element-6066-11e4-a52e-4f735466cecf":"00000000-0000-000c-ffff-ffff0000008f"}}
[38;5;92m[50aa636f][0m[38;5;-74m[AndroidUiautomator2Driver@406e][0m Responding to client with driver.findElement() result: {"element-6066-11e4-a52e-4f735466cecf":"00000000-0000-000c-ffff-ffff0000008f","ELEMENT":"00000000-0000-000c-ffff-ffff0000008f"}
[38;5;92m[50aa636f][0m[38;5;86m[HTTP][0m [37m<-- POST /session/50aa636f-b02b-4401-a85f-811f215e8460/element [39m[32m200[39m [90m1075 ms - 137[39m [90m[39m
[38;5;92m[50aa636f][0m[38;5;86m[HTTP][0m [37m-->[39m [37mPOST[39m [37m/session/50aa636f-b02b-4401-a85f-811f215e8460/element/00000000-0000-000c-ffff-ffff0000008f/click[39m [90m{}[39m
[38;5;92m[50aa636f][0m[38;5;-74m[AndroidUiautomator2Driver@406e][0m Calling AppiumDriver.click() with args: ["00000000-0000-000c-ffff-ffff0000008f","50aa636f-b02b-4401-a85f-811f215e8460"]
[38;5;92m[50aa636f][0m[38;5;-74m[AndroidUiautomator2Driver@406e][0m Matched '/element/00000000-0000-000c-ffff-ffff0000008f/click' to command name 'click'
[38;5;92m[50aa636f][0m[38;5;-74m[AndroidUiautomator2Driver@406e][0m Proxying [POST /element/00000000-0000-000c-ffff-ffff0000008f/click] to [POST http://127.0.0.1:8200/session/45bc9a13-7e38-4657-bec8-6ff229165e4d/element/00000000-0000-000c-ffff-ffff0000008f/click] with body: {"element":"00000000-0000-000c-ffff-ffff0000008f"}
[38;5;92m[50aa636f][0m[38;5;-74m[AndroidUiautomator2Driver@406e][0m Got response with status 200: {"sessionId":"45bc9a13-7e38-4657-bec8-6ff229165e4d","value":null}
[38;5;92m[50aa636f][0m[38;5;-74m[AndroidUiautomator2Driver@406e][0m Responding to client with driver.click() result: null
[38;5;92m[50aa636f][0m[38;5;86m[HTTP][0m [37m<-- POST /session/50aa636f-b02b-4401-a85f-811f215e8460/element/00000000-0000-000c-ffff-ffff0000008f/click [39m[32m200[39m [90m55 ms - 14[39m [90m[39m
[38;5;92m[50aa636f][0m[38;5;86m[HTTP][0m [37m-->[39m [37mPOST[39m [37m/session/50aa636f-b02b-4401-a85f-811f215e8460/element[39m [90m{"using":"xpath","value":"//*[@text=\"Add note\"]"}[39m
[38;5;92m[50aa636f][0m[38;5;-74m[AndroidUiautomator2Driver@406e][0m Calling AppiumDriver.findElement() with args: ["xpath","//*[@text=\"Add note\"]","50aa636f-b02b-4401-a85f-811f215e8460"]
[38;5;92m[50aa636f][0m[38;5;-74m[AndroidUiautomator2Driver@406e][0m Valid locator strategies for this request: xpath, id, class name, accessibility id, css selector, -android uiautomator
[38;5;92m[50aa636f][0m[38;5;-74m[AndroidUiautomator2Driver@406e][0m Waiting up to 0 ms for condition
[38;5;92m[50aa636f][0m[38;5;-74m[AndroidUiautomator2Driver@406e][0m Matched '/element' to command name 'findElement'
[38;5;92m[50aa636f][0m[38;5;-74m[AndroidUiautomator2Driver@406e][0m Proxying [POST /element] to [POST http://127.0.0.1:8200/session/45bc9a13-7e38-4657-bec8-6ff229165e4d/element] with body: {"strategy":"xpath","selector":"//*[@text=\"Add note\"]","context":"","multiple":false}
[38;5;92m[50aa636f][0m[38;5;-74m[AndroidUiautomator2Driver@406e][0m Got response with status 404: {"sessionId":"45bc9a13-7e38-4657-bec8-6ff229165e4d","value":{"error":"no such element","message":"An element could not be located on the page using the given search parameters","stacktrace":"io.appium.uiautomator2.common.exceptions.ElementNotFoundException: An element could not be located on the page using the given search parameters\n\tat io.appium.uiautomator2.utils.ElementLocationHelpers.findElement(ElementLocationHelpers.java:156)\n\tat io.appium.uiautomator2.handler.FindElement.safeHandle(FindElement.java:60)\n\tat io.appium.uiautomator2.handler.request.SafeRequestHandler.handle(SafeRequestHandler.java:59)\n\tat io.appium.uiautomator2.server.AppiumServlet.handleRequest(AppiumServlet.java:259)\n\tat io.appium.uiautomator2.server.AppiumServlet.handleHttpRequest(AppiumServlet.java:253)\n\tat io.appium.uiautomator2.http.ServerHandler.channelRead(ServerHandler.java:77)\n\tat io.netty.channel.AbstractChannelHandlerContext.invokeChannelRead(AbstractChannelHandlerContext.java:366)\n\tat io.netty.channel.Abstr...
[38;5;92m[50aa636f][0m[38;5;123m[W3C][0m Matched W3C error code 'no such element' to NoSuchElementError
[38;5;92m[50aa636f][0m[38;5;-74m[AndroidUiautomator2Driver@406e][0m Encountered internal error running command: NoSuchElementError: An element could not be located on the page using the given search parameters.
    at AndroidUiautomator2Driver.findElOrEls (/home/bruno/Projetos/webdriver-appium-studies/node_modules/appium-uiautomator2-driver/node_modules/appium-android-driver/lib/commands/find.ts:86:11)
    at processTicksAndRejections (node:internal/process/task_queues:95:5)
    at AndroidUiautomator2Driver.findElOrElsWithProcessing (/home/bruno/Projetos/webdriver-appium-studies/node_modules/appium-uiautomator2-driver/node_modules/@appium/base-driver/lib/basedriver/commands/find.ts:60:12)
    at AndroidUiautomator2Driver.findElement (/home/bruno/Projetos/webdriver-appium-studies/node_modules/appium-uiautomator2-driver/node_modules/@appium/base-driver/lib/basedriver/commands/find.ts:75:12)
[38;5;92m[50aa636f][0m[38;5;86m[HTTP][0m [37m<-- POST /session/50aa636f-b02b-4401-a85f-811f215e8460/element [39m[33m404[39m [90m166 ms - 937[39m [90m[39m
[38;5;92m[50aa636f][0m[38;5;86m[HTTP][0m [37m-->[39m [37mPOST[39m [37m/session/50aa636f-b02b-4401-a85f-811f215e8460/element[39m [90m{"using":"xpath","value":"//*[@text=\"Add note\"]"}[39m
[38;5;92m[50aa636f][0m[38;5;-74m[AndroidUiautomator2Driver@406e][0m Calling AppiumDriver.findElement() with args: ["xpath","//*[@text=\"Add note\"]","50aa636f-b02b-4401-a85f-811f215e8460"]
[38;5;92m[50aa636f][0m[38;5;-74m[AndroidUiautomator2Driver@406e][0m Valid locator strategies for this request: xpath, id, class name, accessibility id, css selector, -android uiautomator
[38;5;92m[50aa636f][0m[38;5;-74m[AndroidUiautomator2Driver@406e][0m Waiting up to 0 ms for condition
[38;5;92m[50aa636f][0m[38;5;-74m[AndroidUiautomator2Driver@406e][0m Matched '/element' to command name 'findElement'
[38;5;92m[50aa636f][0m[38;5;-74m[AndroidUiautomator2Driver@406e][0m Proxying [POST /element] to [POST http://127.0.0.1:8200/session/45bc9a13-7e38-4657-bec8-6ff229165e4d/element] with body: {"strategy":"xpath","selector":"//*[@text=\"Add note\"]","context":"","multiple":false}
[38;5;92m[50aa636f][0m[38;5;-74m[AndroidUiautomator2Driver@406e][0m Got response with status 200: {"sessionId":"45bc9a13-7e38-4657-bec8-6ff229165e4d","value":{"ELEMENT":"00000000-0000-000b-ffff-ffff0000005b","element-6066-11e4-a52e-4f735466cecf":"00000000-0000-000b-ffff-ffff0000005b"}}
[38;5;92m[50aa636f][0m[38;5;-74m[AndroidUiautomator2Driver@406e][0m Responding to client with driver.findElement() result: {"element-6066-11e4-a52e-4f735466cecf":"00000000-0000-000b-ffff-ffff0000005b","ELEMENT":"00000000-0000-000b-ffff-ffff0000005b"}
[38;5;92m[50aa636f][0m[38;5;86m[HTTP][0m [37m<-- POST /session/50aa636f-b02b-4401-a85f-811f215e8460/element [39m[32m200[39m [90m803 ms - 137[39m [90m[39m
[38;5;92m[50aa636f][0m[38;5;86m[HTTP][0m [37m-->[39m [37mGET[39m [37m/session/50aa636f-b02b-4401-a85f-811f215e8460/element/00000000-0000-000b-ffff-ffff0000005b/displayed[39m [90m{}[39m
[38;5;92m[50aa636f][0m[38;5;-74m[AndroidUiautomator2Driver@406e][0m Calling AppiumDriver.elementDisplayed() with args: ["00000000-0000-000b-ffff-ffff0000005b","50aa636f-b02b-4401-a85f-811f215e8460"]
[38;5;92m[50aa636f][0m[38;5;-74m[AndroidUiautomator2Driver@406e][0m Matched '/element/00000000-0000-000b-ffff-ffff0000005b/attribute/displayed' to command name 'getAttribute'
[38;5;92m[50aa636f][0m[38;5;-74m[AndroidUiautomator2Driver@406e][0m Proxying [GET /element/00000000-0000-000b-ffff-ffff0000005b/attribute/displayed] to [GET http://127.0.0.1:8200/session/45bc9a13-7e38-4657-bec8-6ff229165e4d/element/00000000-0000-000b-ffff-ffff0000005b/attribute/displayed] with no body
[38;5;92m[50aa636f][0m[38;5;-74m[AndroidUiautomator2Driver@406e][0m Got response with status 200: {"sessionId":"45bc9a13-7e38-4657-bec8-6ff229165e4d","value":"true"}
[38;5;92m[50aa636f][0m[38;5;-74m[AndroidUiautomator2Driver@406e][0m Responding to client with driver.elementDisplayed() result: true
[38;5;92m[50aa636f][0m[38;5;86m[HTTP][0m [37m<-- GET /session/50aa636f-b02b-4401-a85f-811f215e8460/element/00000000-0000-000b-ffff-ffff0000005b/displayed [39m[32m200[39m [90m11 ms - 14[39m [90m[39m
[38;5;92m[50aa636f][0m[38;5;86m[HTTP][0m [37m-->[39m [37mPOST[39m [37m/session/50aa636f-b02b-4401-a85f-811f215e8460/element[39m [90m{"using":"xpath","value":"//*[@text=\"Add note\"]"}[39m
[38;5;92m[50aa636f][0m[38;5;-74m[AndroidUiautomator2Driver@406e][0m Calling AppiumDriver.findElement() with args: ["xpath","//*[@text=\"Add note\"]","50aa636f-b02b-4401-a85f-811f215e8460"]
[38;5;92m[50aa636f][0m[38;5;-74m[AndroidUiautomator2Driver@406e][0m Valid locator strategies for this request: xpath, id, class name, accessibility id, css selector, -android uiautomator
[38;5;92m[50aa636f][0m[38;5;-74m[AndroidUiautomator2Driver@406e][0m Waiting up to 0 ms for condition
[38;5;92m[50aa636f][0m[38;5;-74m[AndroidUiautomator2Driver@406e][0m Matched '/element' to command name 'findElement'
[38;5;92m[50aa636f][0m[38;5;-74m[AndroidUiautomator2Driver@406e][0m Proxying [POST /element] to [POST http://127.0.0.1:8200/session/45bc9a13-7e38-4657-bec8-6ff229165e4d/element] with body: {"strategy":"xpath","selector":"//*[@text=\"Add note\"]","context":"","multiple":false}
[38;5;92m[50aa636f][0m[38;5;-74m[AndroidUiautomator2Driver@406e][0m Got response with status 200: {"sessionId":"45bc9a13-7e38-4657-bec8-6ff229165e4d","value":{"ELEMENT":"00000000-0000-000b-ffff-ffff0000005b","element-6066-11e4-a52e-4f735466cecf":"00000000-0000-000b-ffff-ffff0000005b"}}
[38;5;92m[50aa636f][0m[38;5;-74m[AndroidUiautomator2Driver@406e][0m Responding to client with driver.findElement() result: {"element-6066-11e4-a52e-4f735466cecf":"00000000-0000-000b-ffff-ffff0000005b","ELEMENT":"00000000-0000-000b-ffff-ffff0000005b"}
[38;5;92m[50aa636f][0m[38;5;86m[HTTP][0m [37m<-- POST /session/50aa636f-b02b-4401-a85f-811f215e8460/element [39m[32m200[39m [90m41 ms - 137[39m [90m[39m
[38;5;92m[50aa636f][0m[38;5;86m[HTTP][0m [37m-->[39m [37mPOST[39m [37m/session/50aa636f-b02b-4401-a85f-811f215e8460/element/00000000-0000-000b-ffff-ffff0000005b/click[39m [90m{}[39m
[38;5;92m[50aa636f][0m[38;5;-74m[AndroidUiautomator2Driver@406e][0m Calling AppiumDriver.click() with args: ["00000000-0000-000b-ffff-ffff0000005b","50aa636f-b02b-4401-a85f-811f215e8460"]
[38;5;92m[50aa636f][0m[38;5;-74m[AndroidUiautomator2Driver@406e][0m Matched '/element/00000000-0000-000b-ffff-ffff0000005b/click' to command name 'click'
[38;5;92m[50aa636f][0m[38;5;-74m[AndroidUiautomator2Driver@406e][0m Proxying [POST /element/00000000-0000-000b-ffff-ffff0000005b/click] to [POST http://127.0.0.1:8200/session/45bc9a13-7e38-4657-bec8-6ff229165e4d/element/00000000-0000-000b-ffff-ffff0000005b/click] with body: {"element":"00000000-0000-000b-ffff-ffff0000005b"}
[38;5;92m[50aa636f][0m[38;5;-74m[AndroidUiautomator2Driver@406e][0m Got response with status 200: {"sessionId":"45bc9a13-7e38-4657-bec8-6ff229165e4d","value":null}
[38;5;92m[50aa636f][0m[38;5;-74m[AndroidUiautomator2Driver@406e][0m Responding to client with driver.click() result: null
[38;5;92m[50aa636f][0m[38;5;86m[HTTP][0m [37m<-- POST /session/50aa636f-b02b-4401-a85f-811f215e8460/element/00000000-0000-000b-ffff-ffff0000005b/click [39m[32m200[39m [90m691 ms - 14[39m [90m[39m
[38;5;92m[50aa636f][0m[38;5;86m[HTTP][0m [37m-->[39m [37mPOST[39m [37m/session/50aa636f-b02b-4401-a85f-811f215e8460/element[39m [90m{"using":"xpath","value":"//*[@text=\"Text\"]"}[39m
[38;5;92m[50aa636f][0m[38;5;-74m[AndroidUiautomator2Driver@406e][0m Calling AppiumDriver.findElement() with args: ["xpath","//*[@text=\"Text\"]","50aa636f-b02b-4401-a85f-811f215e8460"]
[38;5;92m[50aa636f][0m[38;5;-74m[AndroidUiautomator2Driver@406e][0m Valid locator strategies for this request: xpath, id, class name, accessibility id, css selector, -android uiautomator
[38;5;92m[50aa636f][0m[38;5;-74m[AndroidUiautomator2Driver@406e][0m Waiting up to 0 ms for condition
[38;5;92m[50aa636f][0m[38;5;-74m[AndroidUiautomator2Driver@406e][0m Matched '/element' to command name 'findElement'
[38;5;92m[50aa636f][0m[38;5;-74m[AndroidUiautomator2Driver@406e][0m Proxying [POST /element] to [POST http://127.0.0.1:8200/session/45bc9a13-7e38-4657-bec8-6ff229165e4d/element] with body: {"strategy":"xpath","selector":"//*[@text=\"Text\"]","context":"","multiple":false}
[38;5;92m[50aa636f][0m[38;5;-74m[AndroidUiautomator2Driver@406e][0m Got response with status 200: {"sessionId":"45bc9a13-7e38-4657-bec8-6ff229165e4d","value":{"ELEMENT":"00000000-0000-000d-ffff-ffff000000ae","element-6066-11e4-a52e-4f735466cecf":"00000000-0000-000d-ffff-ffff000000ae"}}
[38;5;92m[50aa636f][0m[38;5;-74m[AndroidUiautomator2Driver@406e][0m Responding to client with driver.findElement() result: {"element-6066-11e4-a52e-4f735466cecf":"00000000-0000-000d-ffff-ffff000000ae","ELEMENT":"00000000-0000-000d-ffff-ffff000000ae"}
[38;5;92m[50aa636f][0m[38;5;86m[HTTP][0m [37m<-- POST /session/50aa636f-b02b-4401-a85f-811f215e8460/element [39m[32m200[39m [90m33 ms - 137[39m [90m[39m
[38;5;92m[50aa636f][0m[38;5;86m[HTTP][0m [37m-->[39m [37mPOST[39m [37m/session/50aa636f-b02b-4401-a85f-811f215e8460/element/00000000-0000-000d-ffff-ffff000000ae/click[39m [90m{}[39m
[38;5;92m[50aa636f][0m[38;5;-74m[AndroidUiautomator2Driver@406e][0m Calling AppiumDriver.click() with args: ["00000000-0000-000d-ffff-ffff000000ae","50aa636f-b02b-4401-a85f-811f215e8460"]
[38;5;92m[50aa636f][0m[38;5;-74m[AndroidUiautomator2Driver@406e][0m Matched '/element/00000000-0000-000d-ffff-ffff000000ae/click' to command name 'click'
[38;5;92m[50aa636f][0m[38;5;-74m[AndroidUiautomator2Driver@406e][0m Proxying [POST /element/00000000-0000-000d-ffff-ffff000000ae/click] to [POST http://127.0.0.1:8200/session/45bc9a13-7e38-4657-bec8-6ff229165e4d/element/00000000-0000-000d-ffff-ffff000000ae/click] with body: {"element":"00000000-0000-000d-ffff-ffff000000ae"}
[38;5;92m[50aa636f][0m[38;5;-74m[AndroidUiautomator2Driver@406e][0m Got response with status 200: {"sessionId":"45bc9a13-7e38-4657-bec8-6ff229165e4d","value":null}
[38;5;92m[50aa636f][0m[38;5;-74m[AndroidUiautomator2Driver@406e][0m Responding to client with driver.click() result: null
[38;5;92m[50aa636f][0m[38;5;86m[HTTP][0m [37m<-- POST /session/50aa636f-b02b-4401-a85f-811f215e8460/element/00000000-0000-000d-ffff-ffff000000ae/click [39m[32m200[39m [90m1334 ms - 14[39m [90m[39m
[38;5;92m[50aa636f][0m[38;5;86m[HTTP][0m [37m-->[39m [37mPOST[39m [37m/session/50aa636f-b02b-4401-a85f-811f215e8460/element[39m [90m{"using":"xpath","value":"//*[@text=\"Editing\"]"}[39m
[38;5;92m[50aa636f][0m[38;5;-74m[AndroidUiautomator2Driver@406e][0m Calling AppiumDriver.findElement() with args: ["xpath","//*[@text=\"Editing\"]","50aa636f-b02b-4401-a85f-811f215e8460"]
[38;5;92m[50aa636f][0m[38;5;-74m[AndroidUiautomator2Driver@406e][0m Valid locator strategies for this request: xpath, id, class name, accessibility id, css selector, -android uiautomator
[38;5;92m[50aa636f][0m[38;5;-74m[AndroidUiautomator2Driver@406e][0m Waiting up to 0 ms for condition
[38;5;92m[50aa636f][0m[38;5;-74m[AndroidUiautomator2Driver@406e][0m Matched '/element' to command name 'findElement'
[38;5;92m[50aa636f][0m[38;5;-74m[AndroidUiautomator2Driver@406e][0m Proxying [POST /element] to [POST http://127.0.0.1:8200/session/45bc9a13-7e38-4657-bec8-6ff229165e4d/element] with body: {"strategy":"xpath","selector":"//*[@text=\"Editing\"]","context":"","multiple":false}
[38;5;92m[50aa636f][0m[38;5;-74m[AndroidUiautomator2Driver@406e][0m Got response with status 200: {"sessionId":"45bc9a13-7e38-4657-bec8-6ff229165e4d","value":{"ELEMENT":"00000000-0000-000e-ffff-ffff000000e0","element-6066-11e4-a52e-4f735466cecf":"00000000-0000-000e-ffff-ffff000000e0"}}
[38;5;92m[50aa636f][0m[38;5;-74m[AndroidUiautomator2Driver@406e][0m Responding to client with driver.findElement() result: {"element-6066-11e4-a52e-4f735466cecf":"00000000-0000-000e-ffff-ffff000000e0","ELEMENT":"00000000-0000-000e-ffff-ffff000000e0"}
[38;5;92m[50aa636f][0m[38;5;86m[HTTP][0m [37m<-- POST /session/50aa636f-b02b-4401-a85f-811f215e8460/element [39m[32m200[39m [90m123 ms - 137[39m [90m[39m
[38;5;92m[50aa636f][0m[38;5;86m[HTTP][0m [37m-->[39m [37mGET[39m [37m/session/50aa636f-b02b-4401-a85f-811f215e8460/element/00000000-0000-000e-ffff-ffff000000e0/displayed[39m [90m{}[39m
[38;5;92m[50aa636f][0m[38;5;-74m[AndroidUiautomator2Driver@406e][0m Calling AppiumDriver.elementDisplayed() with args: ["00000000-0000-000e-ffff-ffff000000e0","50aa636f-b02b-4401-a85f-811f215e8460"]
[38;5;92m[50aa636f][0m[38;5;-74m[AndroidUiautomator2Driver@406e][0m Matched '/element/00000000-0000-000e-ffff-ffff000000e0/attribute/displayed' to command name 'getAttribute'
[38;5;92m[50aa636f][0m[38;5;-74m[AndroidUiautomator2Driver@406e][0m Proxying [GET /element/00000000-0000-000e-ffff-ffff000000e0/attribute/displayed] to [GET http://127.0.0.1:8200/session/45bc9a13-7e38-4657-bec8-6ff229165e4d/element/00000000-0000-000e-ffff-ffff000000e0/attribute/displayed] with no body
[38;5;92m[50aa636f][0m[38;5;-74m[AndroidUiautomator2Driver@406e][0m Got response with status 200: {"sessionId":"45bc9a13-7e38-4657-bec8-6ff229165e4d","value":"true"}
[38;5;92m[50aa636f][0m[38;5;-74m[AndroidUiautomator2Driver@406e][0m Responding to client with driver.elementDisplayed() result: true
[38;5;92m[50aa636f][0m[38;5;86m[HTTP][0m [37m<-- GET /session/50aa636f-b02b-4401-a85f-811f215e8460/element/00000000-0000-000e-ffff-ffff000000e0/displayed [39m[32m200[39m [90m10 ms - 14[39m [90m[39m
[38;5;92m[50aa636f][0m[38;5;86m[HTTP][0m [37m-->[39m [37mPOST[39m [37m/session/50aa636f-b02b-4401-a85f-811f215e8460/element[39m [90m{"using":"xpath","value":"//*[@resource-id=\"com.socialnmobile.dictapps.notepad.color.note:id/edit_title\"]"}[39m
[38;5;92m[50aa636f][0m[38;5;-74m[AndroidUiautomator2Driver@406e][0m Calling AppiumDriver.findElement() with args: ["xpath","//*[@resource-id=\"com.socialnmobile.dictapps.notepad.color.note:id/edit_title\"]","50aa636f-b02b-4401-a85f-811f215e8460"]
[38;5;92m[50aa636f][0m[38;5;-74m[AndroidUiautomator2Driver@406e][0m Valid locator strategies for this request: xpath, id, class name, accessibility id, css selector, -android uiautomator
[38;5;92m[50aa636f][0m[38;5;-74m[AndroidUiautomator2Driver@406e][0m Waiting up to 0 ms for condition
[38;5;92m[50aa636f][0m[38;5;-74m[AndroidUiautomator2Driver@406e][0m Matched '/element' to command name 'findElement'
[38;5;92m[50aa636f][0m[38;5;-74m[AndroidUiautomator2Driver@406e][0m Proxying [POST /element] to [POST http://127.0.0.1:8200/session/45bc9a13-7e38-4657-bec8-6ff229165e4d/element] with body: {"strategy":"xpath","selector":"//*[@resource-id=\"com.socialnmobile.dictapps.notepad.color.note:id/edit_title\"]","context":"","multiple":false}
[38;5;92m[50aa636f][0m[38;5;-74m[AndroidUiautomator2Driver@406e][0m Got response with status 200: {"sessionId":"45bc9a13-7e38-4657-bec8-6ff229165e4d","value":{"ELEMENT":"00000000-0000-000e-ffff-ffff000000d6","element-6066-11e4-a52e-4f735466cecf":"00000000-0000-000e-ffff-ffff000000d6"}}
[38;5;92m[50aa636f][0m[38;5;-74m[AndroidUiautomator2Driver@406e][0m Responding to client with driver.findElement() result: {"element-6066-11e4-a52e-4f735466cecf":"00000000-0000-000e-ffff-ffff000000d6","ELEMENT":"00000000-0000-000e-ffff-ffff000000d6"}
[38;5;92m[50aa636f][0m[38;5;86m[HTTP][0m [37m<-- POST /session/50aa636f-b02b-4401-a85f-811f215e8460/element [39m[32m200[39m [90m28 ms - 137[39m [90m[39m
[38;5;92m[50aa636f][0m[38;5;86m[HTTP][0m [37m-->[39m [37mPOST[39m [37m/session/50aa636f-b02b-4401-a85f-811f215e8460/element/00000000-0000-000e-ffff-ffff000000d6/value[39m [90m{"text":"Fav Anime list"}[39m
[38;5;92m[50aa636f][0m[38;5;-74m[AndroidUiautomator2Driver@406e][0m Calling AppiumDriver.setValue() with args: ["Fav Anime list","00000000-0000-000e-ffff-ffff000000d6","50aa636f-b02b-4401-a85f-811f215e8460"]
[38;5;92m[50aa636f][0m[38;5;-74m[AndroidUiautomator2Driver@406e][0m Matched '/element/00000000-0000-000e-ffff-ffff000000d6/value' to command name 'setValue'
[38;5;92m[50aa636f][0m[38;5;-74m[AndroidUiautomator2Driver@406e][0m Added 'value' property ["F","a","v"," ","A","n","i","m","e"," ","l","i","s","t"] to 'setValue' request body
[38;5;92m[50aa636f][0m[38;5;-74m[AndroidUiautomator2Driver@406e][0m Proxying [POST /element/00000000-0000-000e-ffff-ffff000000d6/value] to [POST http://127.0.0.1:8200/session/45bc9a13-7e38-4657-bec8-6ff229165e4d/element/00000000-0000-000e-ffff-ffff000000d6/value] with body: {"elementId":"00000000-0000-000e-ffff-ffff000000d6","text":"Fav Anime list","replace":false,"value":["F","a","v"," ","A","n","i","m","e"," ","l","i","s","t"]}
[38;5;92m[50aa636f][0m[38;5;-74m[AndroidUiautomator2Driver@406e][0m Got response with status 200: {"sessionId":"45bc9a13-7e38-4657-bec8-6ff229165e4d","value":null}
[38;5;92m[50aa636f][0m[38;5;-74m[AndroidUiautomator2Driver@406e][0m Responding to client with driver.setValue() result: null
[38;5;92m[50aa636f][0m[38;5;86m[HTTP][0m [37m<-- POST /session/50aa636f-b02b-4401-a85f-811f215e8460/element/00000000-0000-000e-ffff-ffff000000d6/value [39m[32m200[39m [90m25 ms - 14[39m [90m[39m
[38;5;92m[50aa636f][0m[38;5;86m[HTTP][0m [37m-->[39m [37mPOST[39m [37m/session/50aa636f-b02b-4401-a85f-811f215e8460/element[39m [90m{"using":"xpath","value":"//*[@resource-id=\"com.socialnmobile.dictapps.notepad.color.note:id/edit_note\"]"}[39m
[38;5;92m[50aa636f][0m[38;5;-74m[AndroidUiautomator2Driver@406e][0m Calling AppiumDriver.findElement() with args: ["xpath","//*[@resource-id=\"com.socialnmobile.dictapps.notepad.color.note:id/edit_note\"]","50aa636f-b02b-4401-a85f-811f215e8460"]
[38;5;92m[50aa636f][0m[38;5;-74m[AndroidUiautomator2Driver@406e][0m Valid locator strategies for this request: xpath, id, class name, accessibility id, css selector, -android uiautomator
[38;5;92m[50aa636f][0m[38;5;-74m[AndroidUiautomator2Driver@406e][0m Waiting up to 0 ms for condition
[38;5;92m[50aa636f][0m[38;5;-74m[AndroidUiautomator2Driver@406e][0m Matched '/element' to command name 'findElement'
[38;5;92m[50aa636f][0m[38;5;-74m[AndroidUiautomator2Driver@406e][0m Proxying [POST /element] to [POST http://127.0.0.1:8200/session/45bc9a13-7e38-4657-bec8-6ff229165e4d/element] with body: {"strategy":"xpath","selector":"//*[@resource-id=\"com.socialnmobile.dictapps.notepad.color.note:id/edit_note\"]","context":"","multiple":false}
[38;5;92m[50aa636f][0m[38;5;-74m[AndroidUiautomator2Driver@406e][0m Got response with status 200: {"sessionId":"45bc9a13-7e38-4657-bec8-6ff229165e4d","value":{"ELEMENT":"00000000-0000-000e-ffff-ffff000000e7","element-6066-11e4-a52e-4f735466cecf":"00000000-0000-000e-ffff-ffff000000e7"}}
[38;5;92m[50aa636f][0m[38;5;-74m[AndroidUiautomator2Driver@406e][0m Responding to client with driver.findElement() result: {"element-6066-11e4-a52e-4f735466cecf":"00000000-0000-000e-ffff-ffff000000e7","ELEMENT":"00000000-0000-000e-ffff-ffff000000e7"}
[38;5;92m[50aa636f][0m[38;5;86m[HTTP][0m [37m<-- POST /session/50aa636f-b02b-4401-a85f-811f215e8460/element [39m[32m200[39m [90m534 ms - 137[39m [90m[39m
[38;5;92m[50aa636f][0m[38;5;86m[HTTP][0m [37m-->[39m [37mPOST[39m [37m/session/50aa636f-b02b-4401-a85f-811f215e8460/element/00000000-0000-000e-ffff-ffff000000e7/value[39m [90m{"text":"Naruto\nOnePiece\nAOT"}[39m
[38;5;92m[50aa636f][0m[38;5;-74m[AndroidUiautomator2Driver@406e][0m Calling AppiumDriver.setValue() with args: ["Naruto\nOnePiece\nAOT","00000000-0000-000e-ffff-ffff000000e7","50aa636f-b02b-4401-a85f-811f215e8460"]
[38;5;92m[50aa636f][0m[38;5;-74m[AndroidUiautomator2Driver@406e][0m Matched '/element/00000000-0000-000e-ffff-ffff000000e7/value' to command name 'setValue'
[38;5;92m[50aa636f][0m[38;5;-74m[AndroidUiautomator2Driver@406e][0m Added 'value' property ["N","a","r","u","t","o","\n","O","n","e","P","i","e","c","e","\n","A","O","T"] to 'setValue' request body
[38;5;92m[50aa636f][0m[38;5;-74m[AndroidUiautomator2Driver@406e][0m Proxying [POST /element/00000000-0000-000e-ffff-ffff000000e7/value] to [POST http://127.0.0.1:8200/session/45bc9a13-7e38-4657-bec8-6ff229165e4d/element/00000000-0000-000e-ffff-ffff000000e7/value] with body: {"elementId":"00000000-0000-000e-ffff-ffff000000e7","text":"Naruto\nOnePiece\nAOT","replace":false,"value":["N","a","r","u","t","o","\n","O","n","e","P","i","e","c","e","\n","A","O","T"]}
[38;5;92m[50aa636f][0m[38;5;-74m[AndroidUiautomator2Driver@406e][0m Got response with status 200: {"sessionId":"45bc9a13-7e38-4657-bec8-6ff229165e4d","value":null}
[38;5;92m[50aa636f][0m[38;5;-74m[AndroidUiautomator2Driver@406e][0m Responding to client with driver.setValue() result: null
[38;5;92m[50aa636f][0m[38;5;86m[HTTP][0m [37m<-- POST /session/50aa636f-b02b-4401-a85f-811f215e8460/element/00000000-0000-000e-ffff-ffff000000e7/value [39m[32m200[39m [90m17 ms - 14[39m [90m[39m
[38;5;92m[50aa636f][0m[38;5;86m[HTTP][0m [37m-->[39m [37mPOST[39m [37m/session/50aa636f-b02b-4401-a85f-811f215e8460/back[39m [90m{}[39m
[38;5;92m[50aa636f][0m[38;5;-74m[AndroidUiautomator2Driver@406e][0m Driver proxy active, passing request on via HTTP proxy
[38;5;92m[50aa636f][0m[38;5;-74m[AndroidUiautomator2Driver@406e][0m Matched '/session/50aa636f-b02b-4401-a85f-811f215e8460/back' to command name 'back'
[38;5;92m[50aa636f][0m[38;5;-74m[AndroidUiautomator2Driver@406e][0m Proxying [POST /session/50aa636f-b02b-4401-a85f-811f215e8460/back] to [POST http://127.0.0.1:8200/session/45bc9a13-7e38-4657-bec8-6ff229165e4d/back] with body: {}
[38;5;92m[50aa636f][0m[38;5;-74m[AndroidUiautomator2Driver@406e][0m Got response with status 200: {"sessionId":"45bc9a13-7e38-4657-bec8-6ff229165e4d","value":null}
[38;5;92m[50aa636f][0m[38;5;-74m[AndroidUiautomator2Driver@406e][0m Replacing sessionId 45bc9a13-7e38-4657-bec8-6ff229165e4d with 50aa636f-b02b-4401-a85f-811f215e8460
[38;5;92m[50aa636f][0m[38;5;86m[HTTP][0m [37m<-- POST /session/50aa636f-b02b-4401-a85f-811f215e8460/back [39m[32m200[39m [90m650 ms - 65[39m [90m[39m
[38;5;92m[50aa636f][0m[38;5;86m[HTTP][0m [37m-->[39m [37mPOST[39m [37m/session/50aa636f-b02b-4401-a85f-811f215e8460/back[39m [90m{}[39m
[38;5;92m[50aa636f][0m[38;5;-74m[AndroidUiautomator2Driver@406e][0m Driver proxy active, passing request on via HTTP proxy
[38;5;92m[50aa636f][0m[38;5;-74m[AndroidUiautomator2Driver@406e][0m Matched '/session/50aa636f-b02b-4401-a85f-811f215e8460/back' to command name 'back'
[38;5;92m[50aa636f][0m[38;5;-74m[AndroidUiautomator2Driver@406e][0m Proxying [POST /session/50aa636f-b02b-4401-a85f-811f215e8460/back] to [POST http://127.0.0.1:8200/session/45bc9a13-7e38-4657-bec8-6ff229165e4d/back] with body: {}
[38;5;92m[50aa636f][0m[38;5;-74m[AndroidUiautomator2Driver@406e][0m Got response with status 200: {"sessionId":"45bc9a13-7e38-4657-bec8-6ff229165e4d","value":null}
[38;5;92m[50aa636f][0m[38;5;-74m[AndroidUiautomator2Driver@406e][0m Replacing sessionId 45bc9a13-7e38-4657-bec8-6ff229165e4d with 50aa636f-b02b-4401-a85f-811f215e8460
[38;5;92m[50aa636f][0m[38;5;86m[HTTP][0m [37m<-- POST /session/50aa636f-b02b-4401-a85f-811f215e8460/back [39m[32m200[39m [90m649 ms - 65[39m [90m[39m
[38;5;92m[50aa636f][0m[38;5;86m[HTTP][0m [37m-->[39m [37mPOST[39m [37m/session/50aa636f-b02b-4401-a85f-811f215e8460/element[39m [90m{"using":"xpath","value":"//*[@resource-id=\"com.socialnmobile.dictapps.notepad.color.note:id/edit_btn\"]"}[39m
[38;5;92m[50aa636f][0m[38;5;-74m[AndroidUiautomator2Driver@406e][0m Calling AppiumDriver.findElement() with args: ["xpath","//*[@resource-id=\"com.socialnmobile.dictapps.notepad.color.note:id/edit_btn\"]","50aa636f-b02b-4401-a85f-811f215e8460"]
[38;5;92m[50aa636f][0m[38;5;-74m[AndroidUiautomator2Driver@406e][0m Valid locator strategies for this request: xpath, id, class name, accessibility id, css selector, -android uiautomator
[38;5;92m[50aa636f][0m[38;5;-74m[AndroidUiautomator2Driver@406e][0m Waiting up to 0 ms for condition
[38;5;92m[50aa636f][0m[38;5;-74m[AndroidUiautomator2Driver@406e][0m Matched '/element' to command name 'findElement'
[38;5;92m[50aa636f][0m[38;5;-74m[AndroidUiautomator2Driver@406e][0m Proxying [POST /element] to [POST http://127.0.0.1:8200/session/45bc9a13-7e38-4657-bec8-6ff229165e4d/element] with body: {"strategy":"xpath","selector":"//*[@resource-id=\"com.socialnmobile.dictapps.notepad.color.note:id/edit_btn\"]","context":"","multiple":false}
[38;5;92m[50aa636f][0m[38;5;-74m[AndroidUiautomator2Driver@406e][0m Got response with status 200: {"sessionId":"45bc9a13-7e38-4657-bec8-6ff229165e4d","value":{"ELEMENT":"00000000-0000-000e-ffff-ffff000000d8","element-6066-11e4-a52e-4f735466cecf":"00000000-0000-000e-ffff-ffff000000d8"}}
[38;5;92m[50aa636f][0m[38;5;-74m[AndroidUiautomator2Driver@406e][0m Responding to client with driver.findElement() result: {"element-6066-11e4-a52e-4f735466cecf":"00000000-0000-000e-ffff-ffff000000d8","ELEMENT":"00000000-0000-000e-ffff-ffff000000d8"}
[38;5;92m[50aa636f][0m[38;5;86m[HTTP][0m [37m<-- POST /session/50aa636f-b02b-4401-a85f-811f215e8460/element [39m[32m200[39m [90m694 ms - 137[39m [90m[39m
[38;5;92m[50aa636f][0m[38;5;86m[HTTP][0m [37m-->[39m [37mGET[39m [37m/session/50aa636f-b02b-4401-a85f-811f215e8460/element/00000000-0000-000e-ffff-ffff000000d8/displayed[39m [90m{}[39m
[38;5;92m[50aa636f][0m[38;5;-74m[AndroidUiautomator2Driver@406e][0m Calling AppiumDriver.elementDisplayed() with args: ["00000000-0000-000e-ffff-ffff000000d8","50aa636f-b02b-4401-a85f-811f215e8460"]
[38;5;92m[50aa636f][0m[38;5;-74m[AndroidUiautomator2Driver@406e][0m Matched '/element/00000000-0000-000e-ffff-ffff000000d8/attribute/displayed' to command name 'getAttribute'
[38;5;92m[50aa636f][0m[38;5;-74m[AndroidUiautomator2Driver@406e][0m Proxying [GET /element/00000000-0000-000e-ffff-ffff000000d8/attribute/displayed] to [GET http://127.0.0.1:8200/session/45bc9a13-7e38-4657-bec8-6ff229165e4d/element/00000000-0000-000e-ffff-ffff000000d8/attribute/displayed] with no body
[38;5;92m[50aa636f][0m[38;5;-74m[AndroidUiautomator2Driver@406e][0m Got response with status 200: {"sessionId":"45bc9a13-7e38-4657-bec8-6ff229165e4d","value":"true"}
[38;5;92m[50aa636f][0m[38;5;-74m[AndroidUiautomator2Driver@406e][0m Responding to client with driver.elementDisplayed() result: true
[38;5;92m[50aa636f][0m[38;5;86m[HTTP][0m [37m<-- GET /session/50aa636f-b02b-4401-a85f-811f215e8460/element/00000000-0000-000e-ffff-ffff000000d8/displayed [39m[32m200[39m [90m9 ms - 14[39m [90m[39m
[38;5;92m[50aa636f][0m[38;5;86m[HTTP][0m [37m-->[39m [37mPOST[39m [37m/session/50aa636f-b02b-4401-a85f-811f215e8460/element[39m [90m{"using":"xpath","value":"//*[@resource-id=\"com.socialnmobile.dictapps.notepad.color.note:id/view_note\"]"}[39m
[38;5;92m[50aa636f][0m[38;5;-74m[AndroidUiautomator2Driver@406e][0m Calling AppiumDriver.findElement() with args: ["xpath","//*[@resource-id=\"com.socialnmobile.dictapps.notepad.color.note:id/view_note\"]","50aa636f-b02b-4401-a85f-811f215e8460"]
[38;5;92m[50aa636f][0m[38;5;-74m[AndroidUiautomator2Driver@406e][0m Valid locator strategies for this request: xpath, id, class name, accessibility id, css selector, -android uiautomator
[38;5;92m[50aa636f][0m[38;5;-74m[AndroidUiautomator2Driver@406e][0m Waiting up to 0 ms for condition
[38;5;92m[50aa636f][0m[38;5;-74m[AndroidUiautomator2Driver@406e][0m Matched '/element' to command name 'findElement'
[38;5;92m[50aa636f][0m[38;5;-74m[AndroidUiautomator2Driver@406e][0m Proxying [POST /element] to [POST http://127.0.0.1:8200/session/45bc9a13-7e38-4657-bec8-6ff229165e4d/element] with body: {"strategy":"xpath","selector":"//*[@resource-id=\"com.socialnmobile.dictapps.notepad.color.note:id/view_note\"]","context":"","multiple":false}
[38;5;92m[50aa636f][0m[38;5;-74m[AndroidUiautomator2Driver@406e][0m Got response with status 200: {"sessionId":"45bc9a13-7e38-4657-bec8-6ff229165e4d","value":{"ELEMENT":"00000000-0000-000e-ffff-ffff000000e8","element-6066-11e4-a52e-4f735466cecf":"00000000-0000-000e-ffff-ffff000000e8"}}
[38;5;92m[50aa636f][0m[38;5;-74m[AndroidUiautomator2Driver@406e][0m Responding to client with driver.findElement() result: {"element-6066-11e4-a52e-4f735466cecf":"00000000-0000-000e-ffff-ffff000000e8","ELEMENT":"00000000-0000-000e-ffff-ffff000000e8"}
[38;5;92m[50aa636f][0m[38;5;86m[HTTP][0m [37m<-- POST /session/50aa636f-b02b-4401-a85f-811f215e8460/element [39m[32m200[39m [90m60 ms - 137[39m [90m[39m
[38;5;92m[50aa636f][0m[38;5;86m[HTTP][0m [37m-->[39m [37mGET[39m [37m/session/50aa636f-b02b-4401-a85f-811f215e8460/element/00000000-0000-000e-ffff-ffff000000e8/text[39m [90m{}[39m
[38;5;92m[50aa636f][0m[38;5;-74m[AndroidUiautomator2Driver@406e][0m Driver proxy active, passing request on via HTTP proxy
[38;5;92m[50aa636f][0m[38;5;-74m[AndroidUiautomator2Driver@406e][0m Matched '/session/50aa636f-b02b-4401-a85f-811f215e8460/element/00000000-0000-000e-ffff-ffff000000e8/text' to command name 'getText'
[38;5;92m[50aa636f][0m[38;5;-74m[AndroidUiautomator2Driver@406e][0m Proxying [GET /session/50aa636f-b02b-4401-a85f-811f215e8460/element/00000000-0000-000e-ffff-ffff000000e8/text] to [GET http://127.0.0.1:8200/session/45bc9a13-7e38-4657-bec8-6ff229165e4d/element/00000000-0000-000e-ffff-ffff000000e8/text] with no body
[38;5;92m[50aa636f][0m[38;5;-74m[AndroidUiautomator2Driver@406e][0m Got response with status 200: {"sessionId":"45bc9a13-7e38-4657-bec8-6ff229165e4d","value":"Naruto\nOnePiece\nAOT"}
[38;5;92m[50aa636f][0m[38;5;-74m[AndroidUiautomator2Driver@406e][0m Replacing sessionId 45bc9a13-7e38-4657-bec8-6ff229165e4d with 50aa636f-b02b-4401-a85f-811f215e8460
[38;5;92m[50aa636f][0m[38;5;86m[HTTP][0m [37m<-- GET /session/50aa636f-b02b-4401-a85f-811f215e8460/element/00000000-0000-000e-ffff-ffff000000e8/text [39m[32m200[39m [90m11 ms - 84[39m [90m[39m
[38;5;92m[50aa636f][0m[38;5;86m[HTTP][0m [37m-->[39m [37mDELETE[39m [37m/session/50aa636f-b02b-4401-a85f-811f215e8460[39m [90m{}[39m
[38;5;92m[50aa636f][0m[38;5;-74m[AndroidUiautomator2Driver@406e][0m Calling AppiumDriver.deleteSession() with args: ["50aa636f-b02b-4401-a85f-811f215e8460"]
[38;5;92m[50aa636f][0m[38;5;220m[AppiumDriver@9720][0m Event 'quitSessionRequested' logged at 1723472560805 (11:22:40 GMT-0300 (Horário Padrão de Brasília))
[38;5;92m[50aa636f][0m[38;5;220m[AppiumDriver@9720][0m Removing session 50aa636f-b02b-4401-a85f-811f215e8460 from our master session list
[38;5;92m[50aa636f][0m[38;5;-74m[AndroidUiautomator2Driver@406e][0m Deleting UiAutomator2 session
[38;5;92m[50aa636f][0m[38;5;-74m[AndroidUiautomator2Driver@406e][0m Deleting UiAutomator2 server session
[38;5;92m[50aa636f][0m[38;5;-74m[AndroidUiautomator2Driver@406e][0m Matched '/' to command name 'deleteSession'
[38;5;92m[50aa636f][0m[38;5;-74m[AndroidUiautomator2Driver@406e][0m Proxying [DELETE /] to [DELETE http://127.0.0.1:8200/session/45bc9a13-7e38-4657-bec8-6ff229165e4d] with no body
[38;5;92m[50aa636f][0m[38;5;-74m[AndroidUiautomator2Driver@406e][0m Got response with status 200: {"sessionId":"45bc9a13-7e38-4657-bec8-6ff229165e4d","value":null}
[38;5;92m[50aa636f][0m[38;5;-74m[AndroidUiautomator2Driver@406e][0m [Instrumentation] io.appium.uiautomator2.server.test.AppiumUiAutomator2Server:
[38;5;92m[50aa636f][0m[38;5;-74m[AndroidUiautomator2Driver@406e][0m [Instrumentation] The process has exited with code null, signal SIGTERM
[38;5;92m[50aa636f][0m[38;5;229m[ADB][0m Running '/home/bruno/Android/Sdk/platform-tools/adb -P 5037 -s emulator-5554 shell dumpsys activity services io.appium.settings/.recorder.RecorderService'
[38;5;92m[50aa636f][0m[38;5;229m[ADB][0m Running '/home/bruno/Android/Sdk/platform-tools/adb -P 5037 -s emulator-5554 shell am force-stop com.socialnmobile.dictapps.notepad.color.note'
[38;5;92m[50aa636f][0m[38;5;229m[ADB][0m Removing forwarded port socket connection: 8200 
[38;5;92m[50aa636f][0m[38;5;229m[ADB][0m Running '/home/bruno/Android/Sdk/platform-tools/adb -P 5037 -s emulator-5554 forward --remove tcp:8200'
[38;5;92m[50aa636f][0m[38;5;-74m[AndroidUiautomator2Driver@406e][0m Restoring hidden api policy to the device default configuration
[38;5;92m[50aa636f][0m[38;5;229m[ADB][0m Running '/home/bruno/Android/Sdk/platform-tools/adb -P 5037 -s emulator-5554 shell 'settings delete global hidden_api_policy_pre_p_apps;settings delete global hidden_api_policy_p_apps;settings delete global hidden_api_policy''
[38;5;92m[50aa636f][0m[38;5;160m[Logcat][0m Stopping logcat capture
[38;5;92m[50aa636f][0m[38;5;220m[AppiumDriver@9720][0m Event 'quitSessionFinished' logged at 1723472561004 (11:22:41 GMT-0300 (Horário Padrão de Brasília))
[38;5;92m[50aa636f][0m[38;5;220m[AppiumDriver@9720][0m Received response: null
[38;5;92m[50aa636f][0m[38;5;220m[AppiumDriver@9720][0m But deleting session, so not returning
[38;5;92m[50aa636f][0m[38;5;220m[AppiumDriver@9720][0m Responding to client with driver.deleteSession() result: null
[38;5;92m[50aa636f][0m[38;5;86m[HTTP][0m [37m<-- DELETE /session/50aa636f-b02b-4401-a85f-811f215e8460 [39m[32m200[39m [90m201 ms - 14[39m [90m[39m
[38;5;112m[Appium][0m Received SIGTERM - shutting down
[38;5;220m[AppiumDriver@9720][0m There are no active sessions for cleanup
[38;5;86m[HTTP][0m Closing Appium HTTP server
[38;5;86m[HTTP][0m Appium HTTP server has been succesfully closed after 0ms
